# Analyzing single problem sortedBooks.yaml
Success node 0
## Cycle edge info:
student27:[]
student29:[[11, 6, [2, 3, 6], ['m6']], [12, 6, [2, 3, 6], [0]], [11, 0, [2, 3, 4, 5, 6], ['a4', 'a5']]]
breakoutedge student29
student32:[[2, 2, [4, 5, 6], [0]]]
student49:[]
student62:[[11, 11, [2, 3], ['m3']]]
student66:[[8, 8, [4, 5], ['m5']]]
student67:[[4, 13, [2, 3, 6], [0]], [4, 10, [2, 3, 6], ['l6']]]
breakoutedge student67
student68:[[11, 11, [1, 2, 3, 6], ['m6']], [11, 0, [1, 2, 3, 4, 5, 6], ['a4', 'a5']]]
breakoutedge student68
student70:[[11, 11, [2, 3, 6], [0]], [9, 11, [1, 2, 3, 6], ['m1']], [11, 0, [1, 2, 3, 4, 5, 6], ['a4', 'a5']]]
breakoutedge student70
student78:[[3, 3, [1, 2, 3, 6], [0]], [3, 3, [1, 2, 3, 6], [0]]]
## Cycle success rate summary:
     student  cycle_length  is_success  is_failure
0  student27             0        True       False
1  student29             3        True       False
2  student32             1       False        True
3  student49             0        True       False
4  student62             1       False        True
5  student66             1       False        True
6  student67             2       False        True
7  student68             2        True       False
8  student70             3        True       False
9  student78             2       False        True
Total num fail: 5, num fail has loop: 5, 100.0 %
Total num success: 5, num succ has loop: 3, 60.0 %
Likelihood fail with cycle 0.625 vs. no cycle 0.0
     student  cycle_length  is_success  is_failure  has_cycle  not_has_cycle
0  student27             0        True       False          0              1
1  student29             3        True       False          1              0
2  student32             1       False        True          1              0
3  student49             0        True       False          0              1
4  student62             1       False        True          1              0
5  student66             1       False        True          1              0
6  student67             2       False        True          1              0
7  student68             2        True       False          1              0
8  student70             3        True       False          1              0
9  student78             2       False        True          1              0
P(is_success) | P(has_cycle): 0.37499999999999994
P(is_success) | NOT P(has_cycle): 1.0
