# Analyzing single problem convert.yaml
Removed students: ['student0', 'student18']
Success node 29
## Cycle edge info:
student10:[]
student17:[[33, 26, [2], ['m2']], [33, 33, [2], [0]], [33, 22, [2, 3], ['a3']], [2, 2, [2, 3, 4], [0]], [2, 25, [2, 3, 4], [0]], [31, 31, [2, 4], [0]], [5, 5, [], [0]], [42, 22, [2, 3, 4], ['a3']], [42, 29, [2, 3, 4], ['m4']]]
breakoutedge student17
student21:[[0, 29, [2, 3, 4, 5], ['m4']]]
student25:[[32, 32, [2, 4], ['l4']]]
student26:[[20, 20, [2], ['m2']]]
student3:[[16, 10, [2], ['a2']], [38, 38, [2, 4], [0]]]
breakoutedge student3
student30:[[28, 28, [2, 4], [0]], [28, 32, [2, 3, 4], ['a3', 'm4']]]
breakoutedge student30
student4:[[34, 34, [2, 4], ['l2']], [34, 35, [2, 4], ['m2']]]
breakoutedge student4
student41:[[0, 0, [2, 3, 4], ['m4']]]
student51:[]
## Cycle success rate summary:
     student  cycle_length  is_success  is_failure
0  student10             0       False        True
1  student17             9        True       False
2  student21             1        True       False
3  student25             1       False        True
4  student26             1       False        True
5   student3             2       False        True
6  student30             2       False        True
7   student4             2       False        True
8  student41             1       False        True
9  student51             0        True       False
Total num fail: 7, num fail has loop: 6, 85.71428571428571 %
Total num success: 3, num succ has loop: 2, 66.66666666666667 %
Likelihood fail with cycle 0.75 vs. no cycle 0.5
     student  cycle_length  is_success  is_failure  has_cycle  not_has_cycle
0  student10             0       False        True          0              1
1  student17             9        True       False          1              0
2  student21             1        True       False          1              0
3  student25             1       False        True          1              0
4  student26             1       False        True          1              0
5   student3             2       False        True          1              0
6  student30             2       False        True          1              0
7   student4             2       False        True          1              0
8  student41             1       False        True          1              0
9  student51             0        True       False          0              1
P(is_success) | P(has_cycle): 0.25
P(is_success) | NOT P(has_cycle): 0.5
