# Analyzing single problem translate.yaml
Success node 4
## Cycle edge info:
student23:[[3, 3, [1, 2, 4], [0]]]
student50:[]
student59:[]
student60:[[8, 8, [1, 2, 4, 5], [0]], [8, 4, [1, 2, 4, 5, 6], ['a6']]]
breakoutedge student60
student64:[[5, 5, [4, 5], ['m4']], [5, 5, [4, 5], ['m4']]]
student69:[[2, 2, [2, 3, 4], ['m4']]]
student75:[[1, 2, [2, 4, 6], [0]]]
## Cycle success rate summary:
     student  cycle_length  is_success  is_failure
0  student23             1       False        True
1  student50             0        True       False
2  student59             0        True       False
3  student60             2        True       False
4  student64             2       False        True
5  student69             1       False        True
6  student75             1       False        True
Total num fail: 4, num fail has loop: 4, 100.0 %
Total num success: 3, num succ has loop: 1, 33.333333333333336 %
Likelihood fail with cycle 0.8 vs. no cycle 0.0
     student  cycle_length  is_success  is_failure  has_cycle  not_has_cycle
0  student23             1       False        True          1              0
1  student50             0        True       False          0              1
2  student59             0        True       False          0              1
3  student60             2        True       False          1              0
4  student64             2       False        True          1              0
5  student69             1       False        True          1              0
6  student75             1       False        True          1              0
P(is_success) | P(has_cycle): 0.19999999999999998
P(is_success) | NOT P(has_cycle): 1.0
