# Analyzing single problem check_prime.yaml
Success node 5
## Cycle edge info:
student29:[[2, 2, [1, 2, 3], ['a1']], [2, 5, [1, 2, 3], [0]]]
breakoutedge student29
student32:[]
student34:[[2, 2, [2, 3], ['l3']]]
student49:[[2, 2, [1, 2, 3], ['a1']], [2, 5, [1, 2, 3], ['m1']]]
breakoutedge student49
student66:[[2, 2, [2, 3], ['m2']], [3, 3, [1, 2, 3], ['a1']], [3, 3, [1, 2, 3], ['m1']], [3, 5, [1, 2, 3], ['m1']]]
breakoutedge student66
student67:[]
student68:[[1, 2, [1, 2, 3], [0]], [2, 2, [1, 2, 3], [0]], [2, 2, [1, 2, 3], [0]], [2, 2, [1, 2, 3], [0]]]
student70:[[4, 4, [1, 3], ['a1']], [4, 5, [1, 3], ['m1']]]
breakoutedge student70
## Cycle success rate summary:
     student  cycle_length  is_success  is_failure
0  student29             2        True       False
1  student32             0        True       False
2  student34             1       False        True
3  student49             2        True       False
4  student66             4        True       False
5  student67             0        True       False
6  student68             4       False        True
7  student70             2        True       False
Total num fail: 2, num fail has loop: 2, 100.0 %
Total num success: 6, num succ has loop: 4, 66.66666666666667 %
Likelihood fail with cycle 0.3333333333333333 vs. no cycle 0.0
     student  cycle_length  is_success  is_failure  has_cycle  not_has_cycle
0  student29             2        True       False          1              0
1  student32             0        True       False          0              1
2  student34             1       False        True          1              0
3  student49             2        True       False          1              0
4  student66             4        True       False          1              0
5  student67             0        True       False          0              1
6  student68             4       False        True          1              0
7  student70             2        True       False          1              0
P(is_success) | P(has_cycle): 0.6666666666666666
P(is_success) | NOT P(has_cycle): 1.0
