# Analyzing single problem changeSection.yaml
Success node 16
## Cycle edge info:
student10:[]
student17:[[11, 4, [2, 3, 4], [0]]]
student18:[]
student21:[[4, 4, [1, 2, 3, 4], [0]], [4, 6, [1, 2, 3, 4], [0]]]
breakoutedge student21
student25:[]
student26:[]
student3:[[4, 4, [1, 2, 3], [0]], [4, 4, [1, 2, 3], [0]], [4, 4, [1, 2, 3], ['m2', 'm3']]]
student30:[]
student4:[[4, 4, [1, 2], [0]], [4, 4, [1, 2, 3], ['m2', 'a3']]]
student41:[[9, 9, [2, 3, 4], ['m2', 'l3', 'm4']], [9, 9, [2, 3, 4], ['m3']]]
## Cycle success rate summary:
     student  cycle_length  is_success  is_failure
0  student10             0        True       False
1  student17             1       False        True
2  student18             0       False        True
3  student21             2       False        True
4  student25             0        True       False
5  student26             0        True       False
6   student3             3       False        True
7  student30             0        True       False
8   student4             2       False        True
9  student41             2       False        True
Total num fail: 6, num fail has loop: 5, 83.33333333333333 %
Total num success: 4, num succ has loop: 0, 0.0 %
Likelihood fail with cycle 1.0 vs. no cycle 0.2
     student  cycle_length  is_success  is_failure  has_cycle  not_has_cycle
0  student10             0        True       False          0              1
1  student17             1       False        True          1              0
2  student18             0       False        True          0              1
3  student21             2       False        True          1              0
4  student25             0        True       False          0              1
5  student26             0        True       False          0              1
6   student3             3       False        True          1              0
7  student30             0        True       False          0              1
8   student4             2       False        True          1              0
9  student41             2       False        True          1              0
P(is_success) | P(has_cycle): 0.0
P(is_success) | NOT P(has_cycle): 0.8
