# Analyzing single problem findHorizontals.yaml
Success node None
## Cycle edge info:
student27:[]
student32:[[11, 11, [2, 3, 4, 5], [0]]]
student49:[]
student62:[]
student66:[]
student67:[]
student70:[[0, 1, [2, 3, 4, 5], ['a5']], [1, 13, [2, 3, 4, 5], [0]]]
breakoutedge student70
student78:[]
## Cycle success rate summary:
     student  cycle_length  is_success  is_failure
0  student27             0       False        True
1  student32             1       False        True
2  student49             0       False        True
3  student62             0       False        True
4  student66             0       False        True
5  student67             0       False        True
6  student70             2       False        True
7  student78             0       False        True
Total num fail: 8, num fail has loop: 2, 25.0 %
Total num success: 0, num succ has loop: 0, 0 %
Likelihood fail with cycle 1.0 vs. no cycle 1.0
     student  cycle_length  is_success  is_failure  has_cycle  not_has_cycle
0  student27             0       False        True          0              1
1  student32             1       False        True          1              0
2  student49             0       False        True          0              1
3  student62             0       False        True          0              1
4  student66             0       False        True          0              1
5  student67             0       False        True          0              1
6  student70             2       False        True          1              0
7  student78             0       False        True          0              1
P(is_success) | P(has_cycle): 0.0
P(is_success) | NOT P(has_cycle): 0.0
