# Analyzing single problem add_up.yaml
Success node 5
## Cycle edge info:
student1:[[0, 3, [2, 3, 4], [0]]]
student14:[[3, 3, [4, 5, 6], ['a5']], [3, 3, [4, 5, 6], [0]], [3, 10, [4, 5], ['d6']]]
breakoutedge student14
student15:[[3, 3, [2, 3, 4, 5], ['m3']], [3, 3, [2, 3, 4, 5], [0]]]
student24:[]
student31:[[11, 11, [1, 3, 4], ['m1']], [11, 8, [1, 3, 4], ['m4']]]
breakoutedge student31
student45:[[3, 3, [2, 3, 4], ['m2', 'm3']], [3, 3, [2, 3, 4], [0]]]
student46:[[3, 3, [2, 3, 4], ['a3']], [3, 3, [2, 3, 4], [0]], [3, 3, [2, 3, 4], [0]], [3, 3, [2, 3, 4], [0]]]
student47:[[3, 3, [3, 4], [0]], [3, 3, [3, 4], [0]], [3, 3, [3, 4], [0]], [3, 12, [3, 4], [0]]]
breakoutedge student47
student55:[]
student58:[[0, 7, [2, 3, 4], ['a3']], [7, 3, [2, 4], ['d3']]]
breakoutedge student58
student6:[[3, 3, [2, 4, 5], ['m4', 'm2', 'a5']], [3, 2, [2, 4, 5, 6], ['a6']]]
breakoutedge student6
student65:[[3, 7, [2, 3, 4, 5], ['m4']], [3, 3, [2, 3, 4, 5], [0]], [3, 9, [1, 2, 3, 4, 5], ['a1']]]
breakoutedge student65
student7:[[3, 3, [2, 3, 4, 5], [0]], [3, 3, [2, 3, 4, 5], [0]], [3, 3, [2, 3, 4, 5], [0]], [3, 6, [], ['d3', 'd2', 'd4', 'd5']]]
breakoutedge student7
student9:[[7, 7, [4, 6], [0]], [7, 7, [4, 6], [0]], [3, 7, [4], ['d6']], [7, 7, [4, 6], ['a6']], [7, 7, [2, 4, 6], ['a2']], [7, 7, [2, 3, 4, 6], ['a3']]]
## Cycle success rate summary:
      student  cycle_length  is_success  is_failure
0    student1             1       False        True
1   student14             3       False        True
2   student15             2       False        True
3   student24             0        True       False
4   student31             2       False        True
5   student45             2       False        True
6   student46             4       False        True
7   student47             4       False        True
8   student55             0        True       False
9   student58             2       False        True
10   student6             2       False        True
11  student65             3       False        True
12   student7             4        True       False
13   student9             6       False        True
Total num fail: 11, num fail has loop: 11, 100.0 %
Total num success: 3, num succ has loop: 1, 33.333333333333336 %
Likelihood fail with cycle 0.9166666666666666 vs. no cycle 0.0
      student  cycle_length  is_success  is_failure  has_cycle  not_has_cycle
0    student1             1       False        True          1              0
1   student14             3       False        True          1              0
2   student15             2       False        True          1              0
3   student24             0        True       False          0              1
4   student31             2       False        True          1              0
5   student45             2       False        True          1              0
6   student46             4       False        True          1              0
7   student47             4       False        True          1              0
8   student55             0        True       False          0              1
9   student58             2       False        True          1              0
10   student6             2       False        True          1              0
11  student65             3       False        True          1              0
12   student7             4        True       False          1              0
13   student9             6       False        True          1              0
P(is_success) | P(has_cycle): 0.08333333333333333
P(is_success) | NOT P(has_cycle): 1.0
